This is XeTeX, Version 3.14159265-2.6-0.99996 (TeX Live 2016/Debian) (preloaded format=xelatex 2016.12.19)  20 DEC 2016 23:39
entering extended mode
 restricted \write18 enabled.
 %&-line parsing enabled.
**"/media/tiphaine/73134CEF234D24BB/Fac/CV et recherche de Thèse/LaTeX/Awesome 
CV/academicons.sty"

(/media/tiphaine/73134CEF234D24BB/Fac/CV et recherche de Thèse/LaTeX/Awesome CV
/academicons.sty
LaTeX2e <2016/03/31> patch level 3
Babel <3.9r> and hyphenation patterns for 4 language(s) loaded.

LaTeX Warning: You have requested package `',
               but the package provides `academicons'.

Package: academicons 2016/06/12 v1.7.2 Academicons Icons

! LaTeX Error: \usepackage before \documentclass.

See the LaTeX manual or LaTeX Companion for explanation.
Type  H <return>  for immediate help.
 ...                                              
                                                  
l.10 \usepackage{
                 fontspec}
? 
! Emergency stop.
 ...                                              
                                                  
l.10 \usepackage{
                 fontspec}
\usepackage may only appear in the document preamble, i.e.,
between \documentclass and \begin{document}.

 
Here is how much of TeX's memory you used:
 8 strings out of 495544
 444 string characters out of 6186228
 45604 words of memory out of 5000000
 3390 multiletter control sequences out of 15000+600000
 3640 words of font info for 14 fonts, out of 8000000 for 9000
 14 hyphenation exceptions out of 8191
 7i,0n,5p,171b,14s stack positions out of 5000i,500n,10000p,200000b,80000s
No pages of output.
