This is XeTeX, Version 3.14159265-2.6-0.99996 (TeX Live 2016/Debian) (preloaded format=xelatex 2016.12.19)  20 DEC 2016 17:09
entering extended mode
 restricted \write18 enabled.
 %&-line parsing enabled.
**"/media/tiphaine/73134CEF234D24BB/Fac/CV et recherche de Thèse/LaTeX/Awesome 
CV/resume/reference.tex"

(/media/tiphaine/73134CEF234D24BB/Fac/CV et recherche de Thèse/LaTeX/Awesome CV
/resume/reference.tex
LaTeX2e <2016/03/31> patch level 3
Babel <3.9r> and hyphenation patterns for 4 language(s) loaded.
! Undefined control sequence.
l.1 \cvsection
              {References}
? 
! Emergency stop.
l.1 \cvsection
              {References}
End of file on the terminal!

 
Here is how much of TeX's memory you used:
 5 strings out of 495544
 306 string characters out of 6186228
 45604 words of memory out of 5000000
 3389 multiletter control sequences out of 15000+600000
 3640 words of font info for 14 fonts, out of 8000000 for 9000
 14 hyphenation exceptions out of 8191
 5i,0n,1p,126b,8s stack positions out of 5000i,500n,10000p,200000b,80000s
No pages of output.
